#
# There is insufficient memory for the Java Runtime Environment to continue.
# Native memory allocation (mmap) failed to map 132120576 bytes. Error detail: G1 virtual space
# Possible reasons:
#   The system is out of physical RAM or swap space
#   This process is running with CompressedOops enabled, and the Java Heap may be blocking the growth of the native heap
# Possible solutions:
#   Reduce memory load on the system
#   Increase physical memory or swap space
#   Check if swap backing store is full
#   Decrease Java heap size (-Xmx/-Xms)
#   Decrease number of Java threads
#   Decrease Java thread stack sizes (-Xss)
#   Set larger code cache with -XX:ReservedCodeCacheSize=
#   JVM is running with Unscaled Compressed Oops mode in which the Java heap is
#     placed in the first 4GB address space. The Java Heap base address is the
#     maximum limit for the native heap growth. Please use -XX:HeapBaseMinAddress
#     to set the Java Heap base and to place the Java Heap above 4GB virtual address.
# This output file may be truncated or incomplete.
#
#  Out of Memory Error (os_windows.cpp:3703), pid=1708, tid=2340
#
# JRE version:  (23.0+37) (build )
# Java VM: Java HotSpot(TM) 64-Bit Server VM (23+37-2369, mixed mode, sharing, tiered, compressed oops, compressed class ptrs, g1 gc, windows-amd64)
# No core dump will be written. Minidumps are not enabled by default on client versions of Windows
#

---------------  S U M M A R Y ------------

Command Line: -Dnet.bytebuddy.agent.attacher.dump= net.bytebuddy.agent.Attacher com.sun.tools.attach.VirtualMachine 25056 C:\Users\user\.m2\repository\net\bytebuddy\byte-buddy-agent\1.15.11\byte-buddy-agent-1.15.11.jar false 

Host: Intel(R) Core(TM) i5-7300U CPU @ 2.60GHz, 4 cores, 7G,  Windows 10 , 64 bit Build 19041 (10.0.19041.5438)
Time: Thu Apr 24 02:53:36 2025 Maroc (heure d64 bit Build 19041 (10.0.19041.5438) elapsed time: 0.025701 seconds (0d 0h 0m 0s)

---------------  T H R E A D  ---------------

Current thread (0x000001c7b9cbfe20):  JavaThread "Unknown thread" [_thread_in_vm, id=2340, stack(0x0000008466c00000,0x0000008466d00000) (1024K)]

Stack: [0x0000008466c00000,0x0000008466d00000]
Native frames: (J=compiled Java code, j=interpreted, Vv=VM code, C=native code)
V  [jvm.dll+0x6e08a9]  (no source info available)
V  [jvm.dll+0x87da63]  (no source info available)
V  [jvm.dll+0x87feee]  (no source info available)
V  [jvm.dll+0x8805c3]  (no source info available)
V  [jvm.dll+0x27aee6]  (no source info available)
V  [jvm.dll+0x6dd1b5]  (no source info available)
V  [jvm.dll+0x6d103a]  (no source info available)
V  [jvm.dll+0x35b3ea]  (no source info available)
V  [jvm.dll+0x3637f6]  (no source info available)
V  [jvm.dll+0x34fd5e]  (no source info available)
V  [jvm.dll+0x34fff8]  (no source info available)
V  [jvm.dll+0x3289cc]  (no source info available)
V  [jvm.dll+0x32966e]  (no source info available)
V  [jvm.dll+0x8442e5]  (no source info available)
V  [jvm.dll+0x3b9848]  (no source info available)
V  [jvm.dll+0x82d0dc]  (no source info available)
V  [jvm.dll+0x454d4e]  (no source info available)
V  [jvm.dll+0x456bd1]  (no source info available)
C  [jli.dll+0x52a3]  (no source info available)
C  [ucrtbase.dll+0x21bb2]  (no source info available)
C  [KERNEL32.DLL+0x17374]  (no source info available)
C  [ntdll.dll+0x4cc91]  (no source info available)

Lock stack of current Java thread (top to bottom):


---------------  P R O C E S S  ---------------

Threads class SMR info:
_java_thread_list=0x00007ffaa7d03618, length=0, elements={
}

Java Threads: ( => current thread )
Total: 0

Other Threads:
  0x000001c7bbf66d80 WorkerThread "GC Thread#0"                     [id=24600, stack(0x0000008466d00000,0x0000008466e00000) (1024K)]
  0x000001c7bbf7b990 ConcurrentGCThread "G1 Main Marker"            [id=20112, stack(0x0000008466e00000,0x0000008466f00000) (1024K)]
  0x000001c7bbf7cc40 WorkerThread "G1 Conc#0"                       [id=19212, stack(0x0000008466f00000,0x0000008467000000) (1024K)]

[error occurred during error reporting (printing all threads), id 0xc0000005, EXCEPTION_ACCESS_VIOLATION (0xc0000005) at pc=0x00007ffaa744bfba]
VM state: not at safepoint (not fully initialized)

VM Mutex/Monitor currently owned by a thread:  ([mutex/lock_event])
[0x00007ffaa7d83a10] Heap_lock - owner thread: 0x000001c7b9cbfe20

Heap address: 0x0000000082600000, size: 2010 MB, Compressed Oops mode: 32-bit

CDS archive(s) mapped at: [0x0000000000000000-0x0000000000000000-0x0000000000000000), size 0, SharedBaseAddress: 0x0000000800000000, ArchiveRelocationMode: 1.
Narrow klass base: 0x0000000000000000, Narrow klass shift: 0, Narrow klass range: 0x0

GC Precious Log:
 CardTable entry size: 512
 Card Set container configuration: InlinePtr #cards 5 size 8 Array Of Cards #cards 10 size 36 Howl #buckets 4 coarsen threshold 1843 Howl Bitmap #cards 512 size 80 coarsen threshold 460 Card regions per heap region 1 cards per card region 2048

Heap:
 garbage-first heap   total reserved 2058240K, committed 0K, used 0K [0x0000000082600000, 0x0000000100000000)
  region size 1024K, 0 young (0K), 0 survivors (0K)

[error occurred during error reporting (printing heap information), id 0xc0000005, EXCEPTION_ACCESS_VIOLATION (0xc0000005) at pc=0x00007ffaa784c3b9]
GC Heap History (0 events):
No events

Dll operation events (1 events):
Event: 0.018 Loaded shared library C:\Program Files\Java\jdk-23\bin\java.dll

Deoptimization events (0 events):
No events

Classes loaded (0 events):
No events

Classes unloaded (0 events):
No events

Classes redefined (0 events):
No events

Internal exceptions (0 events):
No events

VM Operations (0 events):
No events

Memory protections (0 events):
No events

Nmethod flushes (0 events):
No events

Events (0 events):
No events


Dynamic libraries:
0x00007ff7b6b40000 - 0x00007ff7b6b50000 	C:\Program Files\Java\jdk-23\bin\java.exe
0x00007ffaed370000 - 0x00007ffaed568000 	C:\Windows\SYSTEM32\ntdll.dll
0x00007ffaec1c0000 - 0x00007ffaec282000 	C:\Windows\System32\KERNEL32.DLL
0x00007ffaeac20000 - 0x00007ffaeaf1f000 	C:\Windows\System32\KERNELBASE.dll
0x00007ffaeaa10000 - 0x00007ffaeab10000 	C:\Windows\System32\ucrtbase.dll
0x00007ffad60f0000 - 0x00007ffad610b000 	C:\Program Files\Java\jdk-23\bin\VCRUNTIME140.dll
0x00007ffae3ce0000 - 0x00007ffae3cf7000 	C:\Program Files\Java\jdk-23\bin\jli.dll
0x00007ffaebd60000 - 0x00007ffaebefd000 	C:\Windows\System32\USER32.dll
0x00007ffae0420000 - 0x00007ffae06ba000 	C:\Windows\WinSxS\amd64_microsoft.windows.common-controls_6595b64144ccf1df_6.0.19041.4355_none_60b8b9eb71f62e16\COMCTL32.dll
0x00007ffaeb190000 - 0x00007ffaeb1b2000 	C:\Windows\System32\win32u.dll
0x00007ffaebca0000 - 0x00007ffaebd3e000 	C:\Windows\System32\msvcrt.dll
0x00007ffaecdd0000 - 0x00007ffaecdfb000 	C:\Windows\System32\GDI32.dll
0x00007ffaeb1c0000 - 0x00007ffaeb2da000 	C:\Windows\System32\gdi32full.dll
0x00007ffaeb080000 - 0x00007ffaeb11d000 	C:\Windows\System32\msvcp_win.dll
0x00007ffaeb7d0000 - 0x00007ffaeb7ff000 	C:\Windows\System32\IMM32.DLL
0x00007ffae75a0000 - 0x00007ffae75ac000 	C:\Program Files\Java\jdk-23\bin\vcruntime140_1.dll
0x00007ffac15d0000 - 0x00007ffac165e000 	C:\Program Files\Java\jdk-23\bin\msvcp140.dll
0x00007ffaa7110000 - 0x00007ffaa7e5f000 	C:\Program Files\Java\jdk-23\bin\server\jvm.dll
0x00007ffaec110000 - 0x00007ffaec1bf000 	C:\Windows\System32\ADVAPI32.dll
0x00007ffaed290000 - 0x00007ffaed32f000 	C:\Windows\System32\sechost.dll
0x00007ffaebf80000 - 0x00007ffaec0a3000 	C:\Windows\System32\RPCRT4.dll
0x00007ffaeabf0000 - 0x00007ffaeac17000 	C:\Windows\System32\bcrypt.dll
0x00007ffaeba40000 - 0x00007ffaebaab000 	C:\Windows\System32\WS2_32.dll
0x00007ffae9f60000 - 0x00007ffae9fab000 	C:\Windows\SYSTEM32\POWRPROF.dll
0x00007ffad41b0000 - 0x00007ffad41d7000 	C:\Windows\SYSTEM32\WINMM.dll
0x00007ffae8930000 - 0x00007ffae893a000 	C:\Windows\SYSTEM32\VERSION.dll
0x00007ffae9dd0000 - 0x00007ffae9de2000 	C:\Windows\SYSTEM32\UMPDC.dll
0x00007ffae91f0000 - 0x00007ffae9202000 	C:\Windows\SYSTEM32\kernel.appcore.dll
0x00007ffae3d20000 - 0x00007ffae3d2a000 	C:\Program Files\Java\jdk-23\bin\jimage.dll
0x00007ffae7d90000 - 0x00007ffae7f74000 	C:\Windows\SYSTEM32\DBGHELP.DLL
0x00007ffad6580000 - 0x00007ffad65b4000 	C:\Windows\SYSTEM32\dbgcore.DLL
0x00007ffaeab10000 - 0x00007ffaeab92000 	C:\Windows\System32\bcryptPrimitives.dll
0x00007ffad4840000 - 0x00007ffad485e000 	C:\Program Files\Java\jdk-23\bin\java.dll
0x00007ffaeb890000 - 0x00007ffaeb9bb000 	C:\Windows\System32\ole32.dll
0x00007ffaeb470000 - 0x00007ffaeb7c5000 	C:\Windows\System32\combase.dll
0x00007ffaec4a0000 - 0x00007ffaecc0d000 	C:\Windows\System32\SHELL32.dll

dbghelp: loaded successfully - version: 4.0.5 - missing functions: none
symbol engine: initialized successfully - sym options: 0x614 - pdb path: .;C:\Program Files\Java\jdk-23\bin;C:\Windows\SYSTEM32;C:\Windows\WinSxS\amd64_microsoft.windows.common-controls_6595b64144ccf1df_6.0.19041.4355_none_60b8b9eb71f62e16;C:\Program Files\Java\jdk-23\bin\server

VM Arguments:
jvm_args: -Dnet.bytebuddy.agent.attacher.dump= 
java_command: net.bytebuddy.agent.Attacher com.sun.tools.attach.VirtualMachine 25056 C:\Users\user\.m2\repository\net\bytebuddy\byte-buddy-agent\1.15.11\byte-buddy-agent-1.15.11.jar false 
java_class_path (initial): C:\Users\user\.m2\repository\net\bytebuddy\byte-buddy-agent\1.15.11\byte-buddy-agent-1.15.11.jar
Launcher Type: SUN_STANDARD

[Global flags]
     intx CICompilerCount                          = 3                                         {product} {ergonomic}
     uint ConcGCThreads                            = 1                                         {product} {ergonomic}
     uint G1ConcRefinementThreads                  = 4                                         {product} {ergonomic}
   size_t G1HeapRegionSize                         = 1048576                                   {product} {ergonomic}
   size_t InitialHeapSize                          = 132120576                                 {product} {ergonomic}
   size_t MarkStackSize                            = 4194304                                   {product} {ergonomic}
   size_t MarkStackSizeMax                         = 536870912                                 {product} {ergonomic}
   size_t MaxHeapSize                              = 2107637760                                {product} {ergonomic}
   size_t MinHeapDeltaBytes                        = 1048576                                   {product} {ergonomic}
   size_t MinHeapSize                              = 8388608                                   {product} {ergonomic}
    uintx NonNMethodCodeHeapSize                   = 5832704                                {pd product} {ergonomic}
    uintx NonProfiledCodeHeapSize                  = 122945536                              {pd product} {ergonomic}
     bool PerfDisableSharedMem                     = true                                      {product} {ergonomic}
    uintx ProfiledCodeHeapSize                     = 122880000                              {pd product} {ergonomic}
    uintx ReservedCodeCacheSize                    = 251658240                              {pd product} {ergonomic}
     bool SegmentedCodeCache                       = true                                      {product} {ergonomic}
   size_t SoftMaxHeapSize                          = 2107637760                             {manageable} {ergonomic}
     bool UseCompressedOops                        = true                           {product lp64_product} {ergonomic}
     bool UseG1GC                                  = true                                      {product} {ergonomic}
     bool UseLargePagesIndividualAllocation        = false                                  {pd product} {ergonomic}

Logging:
Log output configuration:
 #0: stdout all=warning uptime,level,tags foldmultilines=false
 #1: stderr all=off uptime,level,tags foldmultilines=false

Environment Variables:
JAVA_HOME=C:\Program Files\Java\jdk-21
PATH=C:\Users\user\AppData\Local\nvm;C:\nvm4w\nodejs;C:\Python313\Scripts\;C:\Python313\;C:\app\user\product\11.2.0\dbhome_1\bin;C:\Program Files\Common Files\Oracle\Java\javapath;C:\Program Files (x86)\Common Files\Oracle\Java\java8path;C:\Program Files (x86)\Common Files\Oracle\Java\javapath;C:\Windows\system32;C:\Windows;C:\Windows\System32\Wbem;C:\Windows\System32\WindowsPowerShell\v1.0\;C:\Windows\System32\OpenSSH\;C:\Program Files (x86)\Intel\Intel(R) Management Engine Components\DAL;C:\Program Files\Intel\Intel(R) Management Engine Components\DAL;C:\MinGW\bin;C:\Program Files\Microchip\xc32\v4.35\bin;C:\Program Files\Microchip\xc8\v2.45\bin;C:\Users\user\Downloads\jdk-17.0.10_windows-x64_bin.zip;C:\Program Files\Git\cmd;C:\Program Files\dotnet\;C:\Program Files\Microsoft SQL Server\150\Tools\Binn\;C:\Program Files\Microsoft SQL Server\Client SDK\ODBC\170\Tools\Binn\;C:\Program Files\Java\jdk-21\bin;C:\ProgramData\chocolatey\bin;C:\Users\user\AppData\Local\nvm;C:\nvm4w\nodejs;C:\mvn\apache-maven-3.9.9-bin\apache-maven-3.9.9\bin;C:\Program Files\MySQL\MySQL Shell 8.0\bin\;C:\Users\user\AppData\Local\Microsoft\WindowsApps;C:\Users\user\AppData\Local\Programs\Microsoft VS Code\bin;C:\Users\user\.dotnet\tools;C:\Program Files\JetBrains\IntelliJ IDEA 2024.2.3\bin;;C:\Users\user\AppData\Roaming\npm;C:\Users\user\AppData\Local\nvm;C:\nvm4w\nodejs
USERNAME=user
OS=Windows_NT
PROCESSOR_IDENTIFIER=Intel64 Family 6 Model 142 Stepping 9, GenuineIntel
TMP=C:\Users\user\AppData\Local\Temp
TEMP=C:\Users\user\AppData\Local\Temp




Periodic native trim disabled

---------------  S Y S T E M  ---------------

OS:
 Windows 10 , 64 bit Build 19041 (10.0.19041.5438)
OS uptime: 20 days 12:47 hours
Hyper-V role detected

CPU: total 4 (initial active 4) (2 cores per cpu, 2 threads per core) family 6 model 142 stepping 9 microcode 0xf6, cx8, cmov, fxsr, ht, mmx, 3dnowpref, sse, sse2, sse3, ssse3, sse4.1, sse4.2, popcnt, lzcnt, tsc, tscinvbit, avx, avx2, aes, erms, clmul, bmi1, bmi2, rtm, adx, fma, vzeroupper, clflush, clflushopt, hv, rdtscp, f16c
Processor Information for processor 0
  Max Mhz: 2712, Current Mhz: 1406, Mhz Limit: 2603
Processor Information for processor 1
  Max Mhz: 2712, Current Mhz: 2611, Mhz Limit: 2603
Processor Information for processor 2
  Max Mhz: 2712, Current Mhz: 1406, Mhz Limit: 2603
Processor Information for processor 3
  Max Mhz: 2712, Current Mhz: 2611, Mhz Limit: 2603

Memory: 4k page, system-wide physical 8035M (314M free)
TotalPageFile size 32611M (AvailPageFile size 70M)
current process WorkingSet (physical memory assigned to process): 11M, peak: 11M
current process commit charge ("private bytes"): 52M, peak: 178M

vm_info: Java HotSpot(TM) 64-Bit Server VM (23+37-2369) for windows-amd64 JRE (23+37-2369), built on 2024-08-20T16:01:23Z with MS VC++ 17.6 (VS2022)

END.
